(FFACC) PS D:\python-code\SCI-YOLO-main> python val.py --data vedai_8.yaml --weights runs/train/SCI-YOLO-VEDAI/weights/best.pt --task test --name SCI-YOLO-VEDAI --exist-ok --device 0
val: data=D:\python-code\SCI-YOLO-main\data\vedai_8.yaml, weights=['runs/train/SCI-YOLO-VEDAI/weights/best.pt'], batch_size=32, imgsz=640, conf_thres=0.001, iou_thres=0.6, max_det=300, task=test, device=0, workers=8, single_cls=False, augment=False, verbose=False, save_txt=False, save_hybrid=False, save_conf=False, save_json=False, project=runs\val, name=SCI-YOLO-VEDAI, exist_ok=True, half=False, dnn=False
'gbk' codec can't decode byte 0xff in position 0: illegal multibyte sequence
2025-4-28 Python-3.10.17 torch-2.7.0+cu128 CUDA:0 (NVIDIA GeForce RTX 5070, 12226MiB)

Fusing layers...
SCI-YOLO summary: 355 layers, 12630885 parameters, 0 gradients, 82.1 GFLOPs
test: Scanning D:\python-code\SCI-YOLO-main\mydata-2\labels\val_vedia... 1246 images, 1301 backgrounds, 12 corrupt: 100%|██████████| 2536/2536 [00:12<00:00, 202.82it/s]
test: WARNING  D:\python-code\SCI-YOLO-main\mydata-2\images\val_vedia\00000033_co.png: ignoring corrupt image/label: non-normalized or out of bounds coordinates [     1.0004]
test: WARNING  D:\python-code\SCI-YOLO-main\mydata-2\images\val_vedia\00000044_co.png: ignoring corrupt image/label: negative label values [ -0.0036738]
test: WARNING  D:\python-code\SCI-YOLO-main\mydata-2\images\val_vedia\00000111_co.png: ignoring corrupt image/label: negative label values [-5.7568e-05]
test: WARNING  D:\python-code\SCI-YOLO-main\mydata-2\images\val_vedia\00000219_co.png: ignoring corrupt image/label: non-normalized or out of bounds coordinates [     1.0015]
test: WARNING  D:\python-code\SCI-YOLO-main\mydata-2\images\val_vedia\00000281_co.png: ignoring corrupt image/label: non-normalized or out of bounds coordinates [     1.0083]
test: WARNING  D:\python-code\SCI-YOLO-main\mydata-2\images\val_vedia\00000338_co.png: ignoring corrupt image/label: non-normalized or out of bounds coordinates [     1.0045]
test: WARNING  D:\python-code\SCI-YOLO-main\mydata-2\images\val_vedia\00000463_co.png: ignoring corrupt image/label: non-normalized or out of bounds coordinates [      1.001]
test: WARNING  D:\python-code\SCI-YOLO-main\mydata-2\images\val_vedia\00000484_co.png: ignoring corrupt image/label: non-normalized or out of bounds coordinates [     1.0029]
test: WARNING  D:\python-code\SCI-YOLO-main\mydata-2\images\val_vedia\00000550_co.png: ignoring corrupt image/label: non-normalized or out of bounds coordinates [     1.0095]
test: WARNING  D:\python-code\SCI-YOLO-main\mydata-2\images\val_vedia\00000614_co.png: ignoring corrupt image/label: non-normalized or out of bounds coordinates [     1.0007]
test: WARNING  D:\python-code\SCI-YOLO-main\mydata-2\images\val_vedia\00000765_co.png: ignoring corrupt image/label: non-normalized or out of bounds coordinates [     1.0056]
test: WARNING  D:\python-code\SCI-YOLO-main\mydata-2\images\val_vedia\00000826_co.png: ignoring corrupt image/label: non-normalized or out of bounds coordinates [     1.0018]
test: WARNING  Cache directory D:\python-code\SCI-YOLO-main\mydata-2\labels is not writeable: [WinError 183] : 'D:\\python-code\\CISA-YOLO-main\\mydata-2\\labels\\val_vedia.cache.npy' -> 'D:\\python-code\\SCI-YOLO-main\\mydata-2\\labels\\val_vedia.cache'
                 Class     Images  Instances          P          R      mAP50   mAP50-95: 100%|██████████| 79/79 [00:39<00:00,  1.98it/s]
                   all       2524       3605      0.909      0.914      0.894      0.562
                   car       2524       1330      0.928      0.935      0.958       0.68
               pick-up       2524        933      0.873      0.958       0.95      0.685
           camping car       2524        381      0.797      0.924       0.91      0.678
                 truck       2524        300      0.901      0.912      0.972      0.713
               vehicle       2524        202      0.855        0.9      0.943      0.646
               tractor       2524        189      0.880      0.845      0.933      0.589
                  boat       2524        165      0.883      0.903      0.962      0.656
                   van       2524        105      0.871      0.936      0.984      0.696
Speed: 0.1ms pre-process, 10.2ms inference, 1.3ms NMS per image at shape (32, 3, 640, 640)
FPS: 86.433
Results saved to runs\val\SCI-YOLO-VEDAI